Arguments: 
  /usr/local/bin/node /usr/local/bin/yarn install

PATH: 
  /usr/local/Cellar/php/7.3.5/bin:/usr/local/opt/gradle@6/bin:/Library/Frameworks/Python.framework/Versions/3.12/bin:/usr/local/bin:/usr/bin:/bin:/usr/sbin:/sbin

Yarn version: 
  1.22.0

Node version: 
  18.17.0

Platform: 
  darwin x64

Trace: 
  Error: https://registry.yarnpkg.com/@netlify%2fplugin-gatsby: ETIMEDOUT
      at Timeout._onTimeout (/usr/local/lib/node_modules/yarn/lib/cli.js:141387:19)
      at listOnTimeout (node:internal/timers:569:17)
      at process.processTimers (node:internal/timers:512:7)

npm manifest: 
  {
    "name": "gatsby-ecommerce-theme",
    "version": "1.0.0",
    "private": true,
    "description": "An e-commerce theme designed by Matter Design for Netlify.",
    "author": "Matter Design",
    "keywords": [
      "gatsby"
    ],
    "scripts": {
      "develop": "gatsby develop",
      "start": "gatsby develop -p 5000",
      "build": "gatsby build",
      "serve": "gatsby serve",
      "clean": "gatsby clean",
      "format": "prettier --write \"{gatsby-*.js,src/**/*.js}\"",
      "plop": "plop"
    },
    "dependencies": {
      "@netlify/plugin-gatsby": "^3.8.0",
      "cypress": "^10.0.3",
      "gatsby": "^4.5.4",
      "gatsby-plugin-manifest": "^4.14.0",
      "react": "^18.0.0",
      "react-dom": "^18.0.0",
      "react-helmet": "^6.1.0",
      "react-slick": "^0.30.0"
    },
    "devDependencies": {
      "gatsby-plugin-netlify": "^5.0.0",
      "netlify-plugin-cypress": "~2.2.0",
      "plop": "^3.0.5",
      "prettier": "^2.6.2"
    }
  }

yarn manifest: 
  No manifest

Lockfile: 
  No lockfile
